<?xml version="1.0" encoding="UTF-8"?>
<testsuite xmlns:xsi="http://www.w3.org/2001/XMLSchema-instance" xsi:noNamespaceSchemaLocation="https://maven.apache.org/surefire/maven-surefire-plugin/xsd/surefire-test-report-3.0.xsd" version="3.0" name="TestRunner.MyTestRunner" time="17.236" tests="26" errors="0" skipped="15" failures="3">
  <properties>
    <property name="sun.desktop" value="windows"/>
    <property name="awt.toolkit" value="sun.awt.windows.WToolkit"/>
    <property name="file.encoding.pkg" value="sun.io"/>
    <property name="java.specification.version" value="1.8"/>
    <property name="webdriver.chrome.driver" value="C:\Users\suryakc\.cache\selenium\chromedriver\win32\99.0.4844.51\chromedriver.exe"/>
    <property name="sun.cpu.isalist" value="amd64"/>
    <property name="sun.jnu.encoding" value="Cp1252"/>
    <property name="java.class.path" value="C:\work\work_space\CucumberSDEndToEndFlow\target\test-classes;C:\work\work_space\CucumberSDEndToEndFlow\target\classes;C:\Users\suryakc\.m2\repository\org\junit\jupiter\junit-jupiter-api\5.8.2\junit-jupiter-api-5.8.2.jar;C:\Users\suryakc\.m2\repository\org\opentest4j\opentest4j\1.2.0\opentest4j-1.2.0.jar;C:\Users\suryakc\.m2\repository\org\junit\platform\junit-platform-commons\1.8.2\junit-platform-commons-1.8.2.jar;C:\Users\suryakc\.m2\repository\org\apiguardian\apiguardian-api\1.1.2\apiguardian-api-1.1.2.jar;C:\Users\suryakc\.m2\repository\io\cucumber\cucumber-java\7.2.3\cucumber-java-7.2.3.jar;C:\Users\suryakc\.m2\repository\io\cucumber\cucumber-core\7.2.3\cucumber-core-7.2.3.jar;C:\Users\suryakc\.m2\repository\io\cucumber\cucumber-gherkin\7.2.3\cucumber-gherkin-7.2.3.jar;C:\Users\suryakc\.m2\repository\io\cucumber\cucumber-gherkin-messages\7.2.3\cucumber-gherkin-messages-7.2.3.jar;C:\Users\suryakc\.m2\repository\io\cucumber\messages\17.1.1\messages-17.1.1.jar;C:\Users\suryakc\.m2\repository\io\cucumber\tag-expressions\4.1.0\tag-expressions-4.1.0.jar;C:\Users\suryakc\.m2\repository\io\cucumber\cucumber-expressions\15.0.1\cucumber-expressions-15.0.1.jar;C:\Users\suryakc\.m2\repository\io\cucumber\datatable\7.2.3\datatable-7.2.3.jar;C:\Users\suryakc\.m2\repository\io\cucumber\cucumber-plugin\7.2.3\cucumber-plugin-7.2.3.jar;C:\Users\suryakc\.m2\repository\io\cucumber\docstring\7.2.3\docstring-7.2.3.jar;C:\Users\suryakc\.m2\repository\io\cucumber\html-formatter\17.0.0\html-formatter-17.0.0.jar;C:\Users\suryakc\.m2\repository\io\cucumber\ci-environment\8.1.0\ci-environment-8.1.0.jar;C:\Users\suryakc\.m2\repository\junit\junit\4.13.2\junit-4.13.2.jar;C:\Users\suryakc\.m2\repository\org\hamcrest\hamcrest-core\1.3\hamcrest-core-1.3.jar;C:\Users\suryakc\.m2\repository\io\cucumber\cucumber-junit\7.2.3\cucumber-junit-7.2.3.jar;C:\Users\suryakc\.m2\repository\org\seleniumhq\selenium\selenium-java\4.1.2\selenium-java-4.1.2.jar;C:\Users\suryakc\.m2\repository\org\seleniumhq\selenium\selenium-api\4.1.2\selenium-api-4.1.2.jar;C:\Users\suryakc\.m2\repository\org\seleniumhq\selenium\selenium-chrome-driver\4.1.2\selenium-chrome-driver-4.1.2.jar;C:\Users\suryakc\.m2\repository\com\google\auto\service\auto-service-annotations\1.0.1\auto-service-annotations-1.0.1.jar;C:\Users\suryakc\.m2\repository\com\google\auto\service\auto-service\1.0.1\auto-service-1.0.1.jar;C:\Users\suryakc\.m2\repository\com\google\auto\auto-common\1.2\auto-common-1.2.jar;C:\Users\suryakc\.m2\repository\com\google\guava\guava\31.0.1-jre\guava-31.0.1-jre.jar;C:\Users\suryakc\.m2\repository\com\google\guava\failureaccess\1.0.1\failureaccess-1.0.1.jar;C:\Users\suryakc\.m2\repository\com\google\guava\listenablefuture\9999.0-empty-to-avoid-conflict-with-guava\listenablefuture-9999.0-empty-to-avoid-conflict-with-guava.jar;C:\Users\suryakc\.m2\repository\com\google\code\findbugs\jsr305\3.0.2\jsr305-3.0.2.jar;C:\Users\suryakc\.m2\repository\org\checkerframework\checker-qual\3.12.0\checker-qual-3.12.0.jar;C:\Users\suryakc\.m2\repository\com\google\errorprone\error_prone_annotations\2.7.1\error_prone_annotations-2.7.1.jar;C:\Users\suryakc\.m2\repository\com\google\j2objc\j2objc-annotations\1.3\j2objc-annotations-1.3.jar;C:\Users\suryakc\.m2\repository\org\seleniumhq\selenium\selenium-chromium-driver\4.1.2\selenium-chromium-driver-4.1.2.jar;C:\Users\suryakc\.m2\repository\org\seleniumhq\selenium\selenium-json\4.1.2\selenium-json-4.1.2.jar;C:\Users\suryakc\.m2\repository\org\seleniumhq\selenium\selenium-devtools-v85\4.1.2\selenium-devtools-v85-4.1.2.jar;C:\Users\suryakc\.m2\repository\org\seleniumhq\selenium\selenium-devtools-v95\4.1.2\selenium-devtools-v95-4.1.2.jar;C:\Users\suryakc\.m2\repository\org\seleniumhq\selenium\selenium-devtools-v96\4.1.2\selenium-devtools-v96-4.1.2.jar;C:\Users\suryakc\.m2\repository\org\seleniumhq\selenium\selenium-devtools-v97\4.1.2\selenium-devtools-v97-4.1.2.jar;C:\Users\suryakc\.m2\repository\org\seleniumhq\selenium\selenium-edge-driver\4.1.2\selenium-edge-driver-4.1.2.jar;C:\Users\suryakc\.m2\repository\org\seleniumhq\selenium\selenium-firefox-driver\4.1.2\selenium-firefox-driver-4.1.2.jar;C:\Users\suryakc\.m2\repository\org\seleniumhq\selenium\selenium-firefox-xpi-driver\4.1.2\selenium-firefox-xpi-driver-4.1.2.jar;C:\Users\suryakc\.m2\repository\org\seleniumhq\selenium\selenium-ie-driver\4.1.2\selenium-ie-driver-4.1.2.jar;C:\Users\suryakc\.m2\repository\org\seleniumhq\selenium\selenium-opera-driver\4.1.2\selenium-opera-driver-4.1.2.jar;C:\Users\suryakc\.m2\repository\org\seleniumhq\selenium\selenium-remote-driver\4.1.2\selenium-remote-driver-4.1.2.jar;C:\Users\suryakc\.m2\repository\com\beust\jcommander\1.82\jcommander-1.82.jar;C:\Users\suryakc\.m2\repository\io\netty\netty-buffer\4.1.73.Final\netty-buffer-4.1.73.Final.jar;C:\Users\suryakc\.m2\repository\io\netty\netty-codec-http\4.1.73.Final\netty-codec-http-4.1.73.Final.jar;C:\Users\suryakc\.m2\repository\io\netty\netty-codec\4.1.73.Final\netty-codec-4.1.73.Final.jar;C:\Users\suryakc\.m2\repository\io\netty\netty-handler\4.1.73.Final\netty-handler-4.1.73.Final.jar;C:\Users\suryakc\.m2\repository\io\netty\netty-tcnative-classes\2.0.46.Final\netty-tcnative-classes-2.0.46.Final.jar;C:\Users\suryakc\.m2\repository\io\netty\netty-common\4.1.73.Final\netty-common-4.1.73.Final.jar;C:\Users\suryakc\.m2\repository\io\netty\netty-transport-classes-epoll\4.1.73.Final\netty-transport-classes-epoll-4.1.73.Final.jar;C:\Users\suryakc\.m2\repository\io\netty\netty-transport-classes-kqueue\4.1.73.Final\netty-transport-classes-kqueue-4.1.73.Final.jar;C:\Users\suryakc\.m2\repository\io\netty\netty-transport-native-epoll\4.1.73.Final\netty-transport-native-epoll-4.1.73.Final.jar;C:\Users\suryakc\.m2\repository\io\netty\netty-transport-native-kqueue\4.1.73.Final\netty-transport-native-kqueue-4.1.73.Final.jar;C:\Users\suryakc\.m2\repository\io\netty\netty-transport-native-unix-common\4.1.73.Final\netty-transport-native-unix-common-4.1.73.Final.jar;C:\Users\suryakc\.m2\repository\io\netty\netty-transport\4.1.73.Final\netty-transport-4.1.73.Final.jar;C:\Users\suryakc\.m2\repository\io\netty\netty-resolver\4.1.73.Final\netty-resolver-4.1.73.Final.jar;C:\Users\suryakc\.m2\repository\io\opentelemetry\opentelemetry-api\1.10.1\opentelemetry-api-1.10.1.jar;C:\Users\suryakc\.m2\repository\io\opentelemetry\opentelemetry-context\1.10.1\opentelemetry-context-1.10.1.jar;C:\Users\suryakc\.m2\repository\io\opentelemetry\opentelemetry-exporter-logging\1.10.1\opentelemetry-exporter-logging-1.10.1.jar;C:\Users\suryakc\.m2\repository\io\opentelemetry\opentelemetry-sdk-metrics\1.10.1-alpha\opentelemetry-sdk-metrics-1.10.1-alpha.jar;C:\Users\suryakc\.m2\repository\io\opentelemetry\opentelemetry-sdk-logs\1.10.1-alpha\opentelemetry-sdk-logs-1.10.1-alpha.jar;C:\Users\suryakc\.m2\repository\io\opentelemetry\opentelemetry-sdk-common\1.10.1\opentelemetry-sdk-common-1.10.1.jar;C:\Users\suryakc\.m2\repository\io\opentelemetry\opentelemetry-sdk-extension-autoconfigure-spi\1.10.1\opentelemetry-sdk-extension-autoconfigure-spi-1.10.1.jar;C:\Users\suryakc\.m2\repository\io\opentelemetry\opentelemetry-sdk-extension-autoconfigure\1.10.1-alpha\opentelemetry-sdk-extension-autoconfigure-1.10.1-alpha.jar;C:\Users\suryakc\.m2\repository\io\opentelemetry\opentelemetry-sdk-trace\1.10.1\opentelemetry-sdk-trace-1.10.1.jar;C:\Users\suryakc\.m2\repository\io\opentelemetry\opentelemetry-sdk\1.10.1\opentelemetry-sdk-1.10.1.jar;C:\Users\suryakc\.m2\repository\io\opentelemetry\opentelemetry-semconv\1.10.1-alpha\opentelemetry-semconv-1.10.1-alpha.jar;C:\Users\suryakc\.m2\repository\io\ous\jtoml\2.0.0\jtoml-2.0.0.jar;C:\Users\suryakc\.m2\repository\net\bytebuddy\byte-buddy\1.12.7\byte-buddy-1.12.7.jar;C:\Users\suryakc\.m2\repository\org\apache\commons\commons-exec\1.3\commons-exec-1.3.jar;C:\Users\suryakc\.m2\repository\org\asynchttpclient\async-http-client\2.12.3\async-http-client-2.12.3.jar;C:\Users\suryakc\.m2\repository\org\asynchttpclient\async-http-client-netty-utils\2.12.3\async-http-client-netty-utils-2.12.3.jar;C:\Users\suryakc\.m2\repository\io\netty\netty-codec-socks\4.1.60.Final\netty-codec-socks-4.1.60.Final.jar;C:\Users\suryakc\.m2\repository\io\netty\netty-handler-proxy\4.1.60.Final\netty-handler-proxy-4.1.60.Final.jar;C:\Users\suryakc\.m2\repository\io\netty\netty-transport-native-epoll\4.1.60.Final\netty-transport-native-epoll-4.1.60.Final-linux-x86_64.jar;C:\Users\suryakc\.m2\repository\io\netty\netty-transport-native-kqueue\4.1.60.Final\netty-transport-native-kqueue-4.1.60.Final-osx-x86_64.jar;C:\Users\suryakc\.m2\repository\org\reactivestreams\reactive-streams\1.0.3\reactive-streams-1.0.3.jar;C:\Users\suryakc\.m2\repository\com\typesafe\netty\netty-reactive-streams\2.0.4\netty-reactive-streams-2.0.4.jar;C:\Users\suryakc\.m2\repository\com\sun\activation\jakarta.activation\1.2.2\jakarta.activation-1.2.2.jar;C:\Users\suryakc\.m2\repository\org\seleniumhq\selenium\selenium-http\4.1.2\selenium-http-4.1.2.jar;C:\Users\suryakc\.m2\repository\net\jodah\failsafe\2.4.4\failsafe-2.4.4.jar;C:\Users\suryakc\.m2\repository\org\seleniumhq\selenium\selenium-safari-driver\4.1.2\selenium-safari-driver-4.1.2.jar;C:\Users\suryakc\.m2\repository\org\seleniumhq\selenium\selenium-support\4.1.2\selenium-support-4.1.2.jar;C:\Users\suryakc\.m2\repository\io\github\bonigarcia\webdrivermanager\5.1.0\webdrivermanager-5.1.0.jar;C:\Users\suryakc\.m2\repository\org\slf4j\slf4j-api\1.7.36\slf4j-api-1.7.36.jar;C:\Users\suryakc\.m2\repository\com\google\code\gson\gson\2.9.0\gson-2.9.0.jar;C:\Users\suryakc\.m2\repository\com\github\docker-java\docker-java\3.2.13\docker-java-3.2.13.jar;C:\Users\suryakc\.m2\repository\com\github\docker-java\docker-java-core\3.2.13\docker-java-core-3.2.13.jar;C:\Users\suryakc\.m2\repository\com\github\docker-java\docker-java-api\3.2.13\docker-java-api-3.2.13.jar;C:\Users\suryakc\.m2\repository\com\fasterxml\jackson\core\jackson-annotations\2.10.3\jackson-annotations-2.10.3.jar;C:\Users\suryakc\.m2\repository\commons-io\commons-io\2.6\commons-io-2.6.jar;C:\Users\suryakc\.m2\repository\org\apache\commons\commons-compress\1.21\commons-compress-1.21.jar;C:\Users\suryakc\.m2\repository\com\fasterxml\jackson\core\jackson-databind\2.10.3\jackson-databind-2.10.3.jar;C:\Users\suryakc\.m2\repository\com\fasterxml\jackson\core\jackson-core\2.10.3\jackson-core-2.10.3.jar;C:\Users\suryakc\.m2\repository\org\bouncycastle\bcpkix-jdk15on\1.64\bcpkix-jdk15on-1.64.jar;C:\Users\suryakc\.m2\repository\org\bouncycastle\bcprov-jdk15on\1.64\bcprov-jdk15on-1.64.jar;C:\Users\suryakc\.m2\repository\org\slf4j\jcl-over-slf4j\1.7.30\jcl-over-slf4j-1.7.30.jar;C:\Users\suryakc\.m2\repository\com\github\docker-java\docker-java-transport-httpclient5\3.2.13\docker-java-transport-httpclient5-3.2.13.jar;C:\Users\suryakc\.m2\repository\com\github\docker-java\docker-java-transport\3.2.13\docker-java-transport-3.2.13.jar;C:\Users\suryakc\.m2\repository\org\apache\httpcomponents\client5\httpclient5\5.0.3\httpclient5-5.0.3.jar;C:\Users\suryakc\.m2\repository\org\apache\httpcomponents\core5\httpcore5\5.0.2\httpcore5-5.0.2.jar;C:\Users\suryakc\.m2\repository\commons-codec\commons-codec\1.13\commons-codec-1.13.jar;C:\Users\suryakc\.m2\repository\net\java\dev\jna\jna\5.8.0\jna-5.8.0.jar;C:\Users\suryakc\.m2\repository\org\brotli\dec\0.1.2\dec-0.1.2.jar;C:\Users\suryakc\.m2\repository\org\apache\commons\commons-lang3\3.12.0\commons-lang3-3.12.0.jar;"/>
    <property name="java.vm.vendor" value="Oracle Corporation"/>
    <property name="sun.arch.data.model" value="64"/>
    <property name="user.variant" value=""/>
    <property name="java.vendor.url" value="http://java.oracle.com/"/>
    <property name="user.timezone" value="Asia/Calcutta"/>
    <property name="java.vm.specification.version" value="1.8"/>
    <property name="os.name" value="Windows 10"/>
    <property name="user.country" value="IN"/>
    <property name="sun.java.launcher" value="SUN_STANDARD"/>
    <property name="sun.boot.library.path" value="C:\Program Files\Java\jdk1.8.0_202\jre\bin"/>
    <property name="sun.java.command" value="C:\Users\suryakc\AppData\Local\Temp\surefire4277033968685463465\surefirebooter4251245384836691167.jar C:\Users\suryakc\AppData\Local\Temp\surefire4277033968685463465 2022-03-24T17-27-21_755-jvmRun1 surefire2986404429399784672tmp surefire_07392063997681249385tmp"/>
    <property name="surefire.test.class.path" value="C:\work\work_space\CucumberSDEndToEndFlow\target\test-classes;C:\work\work_space\CucumberSDEndToEndFlow\target\classes;C:\Users\suryakc\.m2\repository\org\junit\jupiter\junit-jupiter-api\5.8.2\junit-jupiter-api-5.8.2.jar;C:\Users\suryakc\.m2\repository\org\opentest4j\opentest4j\1.2.0\opentest4j-1.2.0.jar;C:\Users\suryakc\.m2\repository\org\junit\platform\junit-platform-commons\1.8.2\junit-platform-commons-1.8.2.jar;C:\Users\suryakc\.m2\repository\org\apiguardian\apiguardian-api\1.1.2\apiguardian-api-1.1.2.jar;C:\Users\suryakc\.m2\repository\io\cucumber\cucumber-java\7.2.3\cucumber-java-7.2.3.jar;C:\Users\suryakc\.m2\repository\io\cucumber\cucumber-core\7.2.3\cucumber-core-7.2.3.jar;C:\Users\suryakc\.m2\repository\io\cucumber\cucumber-gherkin\7.2.3\cucumber-gherkin-7.2.3.jar;C:\Users\suryakc\.m2\repository\io\cucumber\cucumber-gherkin-messages\7.2.3\cucumber-gherkin-messages-7.2.3.jar;C:\Users\suryakc\.m2\repository\io\cucumber\messages\17.1.1\messages-17.1.1.jar;C:\Users\suryakc\.m2\repository\io\cucumber\tag-expressions\4.1.0\tag-expressions-4.1.0.jar;C:\Users\suryakc\.m2\repository\io\cucumber\cucumber-expressions\15.0.1\cucumber-expressions-15.0.1.jar;C:\Users\suryakc\.m2\repository\io\cucumber\datatable\7.2.3\datatable-7.2.3.jar;C:\Users\suryakc\.m2\repository\io\cucumber\cucumber-plugin\7.2.3\cucumber-plugin-7.2.3.jar;C:\Users\suryakc\.m2\repository\io\cucumber\docstring\7.2.3\docstring-7.2.3.jar;C:\Users\suryakc\.m2\repository\io\cucumber\html-formatter\17.0.0\html-formatter-17.0.0.jar;C:\Users\suryakc\.m2\repository\io\cucumber\ci-environment\8.1.0\ci-environment-8.1.0.jar;C:\Users\suryakc\.m2\repository\junit\junit\4.13.2\junit-4.13.2.jar;C:\Users\suryakc\.m2\repository\org\hamcrest\hamcrest-core\1.3\hamcrest-core-1.3.jar;C:\Users\suryakc\.m2\repository\io\cucumber\cucumber-junit\7.2.3\cucumber-junit-7.2.3.jar;C:\Users\suryakc\.m2\repository\org\seleniumhq\selenium\selenium-java\4.1.2\selenium-java-4.1.2.jar;C:\Users\suryakc\.m2\repository\org\seleniumhq\selenium\selenium-api\4.1.2\selenium-api-4.1.2.jar;C:\Users\suryakc\.m2\repository\org\seleniumhq\selenium\selenium-chrome-driver\4.1.2\selenium-chrome-driver-4.1.2.jar;C:\Users\suryakc\.m2\repository\com\google\auto\service\auto-service-annotations\1.0.1\auto-service-annotations-1.0.1.jar;C:\Users\suryakc\.m2\repository\com\google\auto\service\auto-service\1.0.1\auto-service-1.0.1.jar;C:\Users\suryakc\.m2\repository\com\google\auto\auto-common\1.2\auto-common-1.2.jar;C:\Users\suryakc\.m2\repository\com\google\guava\guava\31.0.1-jre\guava-31.0.1-jre.jar;C:\Users\suryakc\.m2\repository\com\google\guava\failureaccess\1.0.1\failureaccess-1.0.1.jar;C:\Users\suryakc\.m2\repository\com\google\guava\listenablefuture\9999.0-empty-to-avoid-conflict-with-guava\listenablefuture-9999.0-empty-to-avoid-conflict-with-guava.jar;C:\Users\suryakc\.m2\repository\com\google\code\findbugs\jsr305\3.0.2\jsr305-3.0.2.jar;C:\Users\suryakc\.m2\repository\org\checkerframework\checker-qual\3.12.0\checker-qual-3.12.0.jar;C:\Users\suryakc\.m2\repository\com\google\errorprone\error_prone_annotations\2.7.1\error_prone_annotations-2.7.1.jar;C:\Users\suryakc\.m2\repository\com\google\j2objc\j2objc-annotations\1.3\j2objc-annotations-1.3.jar;C:\Users\suryakc\.m2\repository\org\seleniumhq\selenium\selenium-chromium-driver\4.1.2\selenium-chromium-driver-4.1.2.jar;C:\Users\suryakc\.m2\repository\org\seleniumhq\selenium\selenium-json\4.1.2\selenium-json-4.1.2.jar;C:\Users\suryakc\.m2\repository\org\seleniumhq\selenium\selenium-devtools-v85\4.1.2\selenium-devtools-v85-4.1.2.jar;C:\Users\suryakc\.m2\repository\org\seleniumhq\selenium\selenium-devtools-v95\4.1.2\selenium-devtools-v95-4.1.2.jar;C:\Users\suryakc\.m2\repository\org\seleniumhq\selenium\selenium-devtools-v96\4.1.2\selenium-devtools-v96-4.1.2.jar;C:\Users\suryakc\.m2\repository\org\seleniumhq\selenium\selenium-devtools-v97\4.1.2\selenium-devtools-v97-4.1.2.jar;C:\Users\suryakc\.m2\repository\org\seleniumhq\selenium\selenium-edge-driver\4.1.2\selenium-edge-driver-4.1.2.jar;C:\Users\suryakc\.m2\repository\org\seleniumhq\selenium\selenium-firefox-driver\4.1.2\selenium-firefox-driver-4.1.2.jar;C:\Users\suryakc\.m2\repository\org\seleniumhq\selenium\selenium-firefox-xpi-driver\4.1.2\selenium-firefox-xpi-driver-4.1.2.jar;C:\Users\suryakc\.m2\repository\org\seleniumhq\selenium\selenium-ie-driver\4.1.2\selenium-ie-driver-4.1.2.jar;C:\Users\suryakc\.m2\repository\org\seleniumhq\selenium\selenium-opera-driver\4.1.2\selenium-opera-driver-4.1.2.jar;C:\Users\suryakc\.m2\repository\org\seleniumhq\selenium\selenium-remote-driver\4.1.2\selenium-remote-driver-4.1.2.jar;C:\Users\suryakc\.m2\repository\com\beust\jcommander\1.82\jcommander-1.82.jar;C:\Users\suryakc\.m2\repository\io\netty\netty-buffer\4.1.73.Final\netty-buffer-4.1.73.Final.jar;C:\Users\suryakc\.m2\repository\io\netty\netty-codec-http\4.1.73.Final\netty-codec-http-4.1.73.Final.jar;C:\Users\suryakc\.m2\repository\io\netty\netty-codec\4.1.73.Final\netty-codec-4.1.73.Final.jar;C:\Users\suryakc\.m2\repository\io\netty\netty-handler\4.1.73.Final\netty-handler-4.1.73.Final.jar;C:\Users\suryakc\.m2\repository\io\netty\netty-tcnative-classes\2.0.46.Final\netty-tcnative-classes-2.0.46.Final.jar;C:\Users\suryakc\.m2\repository\io\netty\netty-common\4.1.73.Final\netty-common-4.1.73.Final.jar;C:\Users\suryakc\.m2\repository\io\netty\netty-transport-classes-epoll\4.1.73.Final\netty-transport-classes-epoll-4.1.73.Final.jar;C:\Users\suryakc\.m2\repository\io\netty\netty-transport-classes-kqueue\4.1.73.Final\netty-transport-classes-kqueue-4.1.73.Final.jar;C:\Users\suryakc\.m2\repository\io\netty\netty-transport-native-epoll\4.1.73.Final\netty-transport-native-epoll-4.1.73.Final.jar;C:\Users\suryakc\.m2\repository\io\netty\netty-transport-native-kqueue\4.1.73.Final\netty-transport-native-kqueue-4.1.73.Final.jar;C:\Users\suryakc\.m2\repository\io\netty\netty-transport-native-unix-common\4.1.73.Final\netty-transport-native-unix-common-4.1.73.Final.jar;C:\Users\suryakc\.m2\repository\io\netty\netty-transport\4.1.73.Final\netty-transport-4.1.73.Final.jar;C:\Users\suryakc\.m2\repository\io\netty\netty-resolver\4.1.73.Final\netty-resolver-4.1.73.Final.jar;C:\Users\suryakc\.m2\repository\io\opentelemetry\opentelemetry-api\1.10.1\opentelemetry-api-1.10.1.jar;C:\Users\suryakc\.m2\repository\io\opentelemetry\opentelemetry-context\1.10.1\opentelemetry-context-1.10.1.jar;C:\Users\suryakc\.m2\repository\io\opentelemetry\opentelemetry-exporter-logging\1.10.1\opentelemetry-exporter-logging-1.10.1.jar;C:\Users\suryakc\.m2\repository\io\opentelemetry\opentelemetry-sdk-metrics\1.10.1-alpha\opentelemetry-sdk-metrics-1.10.1-alpha.jar;C:\Users\suryakc\.m2\repository\io\opentelemetry\opentelemetry-sdk-logs\1.10.1-alpha\opentelemetry-sdk-logs-1.10.1-alpha.jar;C:\Users\suryakc\.m2\repository\io\opentelemetry\opentelemetry-sdk-common\1.10.1\opentelemetry-sdk-common-1.10.1.jar;C:\Users\suryakc\.m2\repository\io\opentelemetry\opentelemetry-sdk-extension-autoconfigure-spi\1.10.1\opentelemetry-sdk-extension-autoconfigure-spi-1.10.1.jar;C:\Users\suryakc\.m2\repository\io\opentelemetry\opentelemetry-sdk-extension-autoconfigure\1.10.1-alpha\opentelemetry-sdk-extension-autoconfigure-1.10.1-alpha.jar;C:\Users\suryakc\.m2\repository\io\opentelemetry\opentelemetry-sdk-trace\1.10.1\opentelemetry-sdk-trace-1.10.1.jar;C:\Users\suryakc\.m2\repository\io\opentelemetry\opentelemetry-sdk\1.10.1\opentelemetry-sdk-1.10.1.jar;C:\Users\suryakc\.m2\repository\io\opentelemetry\opentelemetry-semconv\1.10.1-alpha\opentelemetry-semconv-1.10.1-alpha.jar;C:\Users\suryakc\.m2\repository\io\ous\jtoml\2.0.0\jtoml-2.0.0.jar;C:\Users\suryakc\.m2\repository\net\bytebuddy\byte-buddy\1.12.7\byte-buddy-1.12.7.jar;C:\Users\suryakc\.m2\repository\org\apache\commons\commons-exec\1.3\commons-exec-1.3.jar;C:\Users\suryakc\.m2\repository\org\asynchttpclient\async-http-client\2.12.3\async-http-client-2.12.3.jar;C:\Users\suryakc\.m2\repository\org\asynchttpclient\async-http-client-netty-utils\2.12.3\async-http-client-netty-utils-2.12.3.jar;C:\Users\suryakc\.m2\repository\io\netty\netty-codec-socks\4.1.60.Final\netty-codec-socks-4.1.60.Final.jar;C:\Users\suryakc\.m2\repository\io\netty\netty-handler-proxy\4.1.60.Final\netty-handler-proxy-4.1.60.Final.jar;C:\Users\suryakc\.m2\repository\io\netty\netty-transport-native-epoll\4.1.60.Final\netty-transport-native-epoll-4.1.60.Final-linux-x86_64.jar;C:\Users\suryakc\.m2\repository\io\netty\netty-transport-native-kqueue\4.1.60.Final\netty-transport-native-kqueue-4.1.60.Final-osx-x86_64.jar;C:\Users\suryakc\.m2\repository\org\reactivestreams\reactive-streams\1.0.3\reactive-streams-1.0.3.jar;C:\Users\suryakc\.m2\repository\com\typesafe\netty\netty-reactive-streams\2.0.4\netty-reactive-streams-2.0.4.jar;C:\Users\suryakc\.m2\repository\com\sun\activation\jakarta.activation\1.2.2\jakarta.activation-1.2.2.jar;C:\Users\suryakc\.m2\repository\org\seleniumhq\selenium\selenium-http\4.1.2\selenium-http-4.1.2.jar;C:\Users\suryakc\.m2\repository\net\jodah\failsafe\2.4.4\failsafe-2.4.4.jar;C:\Users\suryakc\.m2\repository\org\seleniumhq\selenium\selenium-safari-driver\4.1.2\selenium-safari-driver-4.1.2.jar;C:\Users\suryakc\.m2\repository\org\seleniumhq\selenium\selenium-support\4.1.2\selenium-support-4.1.2.jar;C:\Users\suryakc\.m2\repository\io\github\bonigarcia\webdrivermanager\5.1.0\webdrivermanager-5.1.0.jar;C:\Users\suryakc\.m2\repository\org\slf4j\slf4j-api\1.7.36\slf4j-api-1.7.36.jar;C:\Users\suryakc\.m2\repository\com\google\code\gson\gson\2.9.0\gson-2.9.0.jar;C:\Users\suryakc\.m2\repository\com\github\docker-java\docker-java\3.2.13\docker-java-3.2.13.jar;C:\Users\suryakc\.m2\repository\com\github\docker-java\docker-java-core\3.2.13\docker-java-core-3.2.13.jar;C:\Users\suryakc\.m2\repository\com\github\docker-java\docker-java-api\3.2.13\docker-java-api-3.2.13.jar;C:\Users\suryakc\.m2\repository\com\fasterxml\jackson\core\jackson-annotations\2.10.3\jackson-annotations-2.10.3.jar;C:\Users\suryakc\.m2\repository\commons-io\commons-io\2.6\commons-io-2.6.jar;C:\Users\suryakc\.m2\repository\org\apache\commons\commons-compress\1.21\commons-compress-1.21.jar;C:\Users\suryakc\.m2\repository\com\fasterxml\jackson\core\jackson-databind\2.10.3\jackson-databind-2.10.3.jar;C:\Users\suryakc\.m2\repository\com\fasterxml\jackson\core\jackson-core\2.10.3\jackson-core-2.10.3.jar;C:\Users\suryakc\.m2\repository\org\bouncycastle\bcpkix-jdk15on\1.64\bcpkix-jdk15on-1.64.jar;C:\Users\suryakc\.m2\repository\org\bouncycastle\bcprov-jdk15on\1.64\bcprov-jdk15on-1.64.jar;C:\Users\suryakc\.m2\repository\org\slf4j\jcl-over-slf4j\1.7.30\jcl-over-slf4j-1.7.30.jar;C:\Users\suryakc\.m2\repository\com\github\docker-java\docker-java-transport-httpclient5\3.2.13\docker-java-transport-httpclient5-3.2.13.jar;C:\Users\suryakc\.m2\repository\com\github\docker-java\docker-java-transport\3.2.13\docker-java-transport-3.2.13.jar;C:\Users\suryakc\.m2\repository\org\apache\httpcomponents\client5\httpclient5\5.0.3\httpclient5-5.0.3.jar;C:\Users\suryakc\.m2\repository\org\apache\httpcomponents\core5\httpcore5\5.0.2\httpcore5-5.0.2.jar;C:\Users\suryakc\.m2\repository\commons-codec\commons-codec\1.13\commons-codec-1.13.jar;C:\Users\suryakc\.m2\repository\net\java\dev\jna\jna\5.8.0\jna-5.8.0.jar;C:\Users\suryakc\.m2\repository\org\brotli\dec\0.1.2\dec-0.1.2.jar;C:\Users\suryakc\.m2\repository\org\apache\commons\commons-lang3\3.12.0\commons-lang3-3.12.0.jar;"/>
    <property name="sun.cpu.endian" value="little"/>
    <property name="user.home" value="C:\Users\suryakc"/>
    <property name="user.language" value="en"/>
    <property name="java.specification.vendor" value="Oracle Corporation"/>
    <property name="java.home" value="C:\Program Files\Java\jdk1.8.0_202\jre"/>
    <property name="basedir" value="C:\work\work_space\CucumberSDEndToEndFlow"/>
    <property name="file.separator" value="\"/>
    <property name="line.separator" value="&#10;"/>
    <property name="java.vm.specification.vendor" value="Oracle Corporation"/>
    <property name="java.specification.name" value="Java Platform API Specification"/>
    <property name="java.awt.graphicsenv" value="sun.awt.Win32GraphicsEnvironment"/>
    <property name="surefire.real.class.path" value="C:\Users\suryakc\AppData\Local\Temp\surefire4277033968685463465\surefirebooter4251245384836691167.jar"/>
    <property name="sun.boot.class.path" value="C:\Program Files\Java\jdk1.8.0_202\jre\lib\resources.jar;C:\Program Files\Java\jdk1.8.0_202\jre\lib\rt.jar;C:\Program Files\Java\jdk1.8.0_202\jre\lib\sunrsasign.jar;C:\Program Files\Java\jdk1.8.0_202\jre\lib\jsse.jar;C:\Program Files\Java\jdk1.8.0_202\jre\lib\jce.jar;C:\Program Files\Java\jdk1.8.0_202\jre\lib\charsets.jar;C:\Program Files\Java\jdk1.8.0_202\jre\lib\jfr.jar;C:\Program Files\Java\jdk1.8.0_202\jre\classes"/>
    <property name="user.script" value=""/>
    <property name="sun.management.compiler" value="HotSpot 64-Bit Tiered Compilers"/>
    <property name="java.runtime.version" value="1.8.0_202-b08"/>
    <property name="user.name" value="suryakc"/>
    <property name="path.separator" value=";"/>
    <property name="os.version" value="10.0"/>
    <property name="java.endorsed.dirs" value="C:\Program Files\Java\jdk1.8.0_202\jre\lib\endorsed"/>
    <property name="java.runtime.name" value="Java(TM) SE Runtime Environment"/>
    <property name="file.encoding" value="Cp1252"/>
    <property name="java.vm.name" value="Java HotSpot(TM) 64-Bit Server VM"/>
    <property name="localRepository" value="C:\Users\suryakc\.m2\repository"/>
    <property name="java.vendor.url.bug" value="http://bugreport.sun.com/bugreport/"/>
    <property name="java.io.tmpdir" value="C:\Users\suryakc\AppData\Local\Temp\"/>
    <property name="java.version" value="1.8.0_202"/>
    <property name="user.dir" value="C:\work\work_space\CucumberSDEndToEndFlow"/>
    <property name="os.arch" value="amd64"/>
    <property name="java.vm.specification.name" value="Java Virtual Machine Specification"/>
    <property name="java.awt.printerjob" value="sun.awt.windows.WPrinterJob"/>
    <property name="sun.os.patch.level" value=""/>
    <property name="java.library.path" value="C:\Program Files\Java\jdk1.8.0_202\jre\bin;C:\WINDOWS\Sun\Java\bin;C:\WINDOWS\system32;C:\WINDOWS;C:\Program Files\apache-maven-3.8.4-bin (1)\apache-maven-3.8.4/bin;C:\Program Files\Java\jdk1.8.0_202/bin;C:\Program Files\Java\jdk1.8.0_202/bin;C:\Program Files\Common Files\Oracle\Java\javapath;C:\WINDOWS\system32;C:\WINDOWS;C:\WINDOWS\System32\Wbem;C:\WINDOWS\System32\WindowsPowerShell\v1.0\;C:\WINDOWS\System32\OpenSSH\;C:\Program Files\Java\jdk1.8.0_202\bin;C:\Program Files\apache-maven-3.8.4-bin (1)\apache-maven-3.8.4\bin;C:\Users\suryakc\AppData\Local\Microsoft\WindowsApps;;."/>
    <property name="java.vm.info" value="mixed mode"/>
    <property name="java.vendor" value="Oracle Corporation"/>
    <property name="java.vm.version" value="25.202-b08"/>
    <property name="java.ext.dirs" value="C:\Program Files\Java\jdk1.8.0_202\jre\lib\ext;C:\WINDOWS\Sun\Java\lib\ext"/>
    <property name="sun.io.unicode.encoding" value="UnicodeLittle"/>
    <property name="java.class.version" value="52.0"/>
  </properties>
  <testcase name="user is on login page" classname="To check the if End to End Flow is working as expected for a order" time="1.748">
    <system-out><![CDATA[
@Endtest
Scenario: To check the if End to End Flow is working as expected for a order  # src/test/resources/Feature/EndToEnd.feature:6
sd is open
]]></system-out>
    <system-err><![CDATA[SLF4J: Failed to load class "org.slf4j.impl.StaticLoggerBinder".
SLF4J: Defaulting to no-operation (NOP) logger implementation
SLF4J: See http://www.slf4j.org/codes.html#StaticLoggerBinder for further details.
Starting ChromeDriver 99.0.4844.51 (d537ec02474b5afe23684e7963d538896c63ac77-refs/branch-heads/4844@{#875}) on port 59237
Only local connections are allowed.
Please see https://chromedriver.chromium.org/security-considerations for suggestions on keeping ChromeDriver safe.
ChromeDriver was started successfully.
Mar 24, 2022 5:27:40 PM org.openqa.selenium.remote.ProtocolHandshake createSession
INFO: Detected dialect: W3C
Mar 24, 2022 5:27:40 PM org.openqa.selenium.devtools.CdpVersionFinder findNearestMatch
WARNING: Unable to find an exact match for CDP version 99, so returning the closest version found: 97
Mar 24, 2022 5:27:40 PM org.openqa.selenium.devtools.CdpVersionFinder findNearestMatch
INFO: Found CDP implementation for version 99 of 97
]]></system-err>
  </testcase>
  <testcase name="user enters user name &quot;suryakc1999@gmail.com&quot; and password &quot;surya@123&quot;" classname="To check the if End to End Flow is working as expected for a order" time="0.102">
    <system-out><![CDATA[  Given user is on login page                                                 # stepdefination.SdLoginRe.user_is_on_login_page()
]]></system-out>
  </testcase>
  <testcase name="clicks on login button" classname="To check the if End to End Flow is working as expected for a order" time="3.552">
    <system-out><![CDATA[  When user enters user name "suryakc1999@gmail.com" and password "surya@123" # stepdefination.SdLoginRe.user_enters_user_name_and_password(java.lang.String,java.lang.String)
]]></system-out>
  </testcase>
  <testcase name="user is navigated to the home page" classname="To check the if End to End Flow is working as expected for a order" time="0.013">
    <system-out><![CDATA[  And clicks on login button                                                  # stepdefination.SdLoginRe.clicks_on_login_button()
]]></system-out>
  </testcase>
  <testcase name="user hovers on power tools link" classname="To check the if End to End Flow is working as expected for a order" time="0.187">
    <system-out><![CDATA[  Then user is navigated to the home page                                     # stepdefination.SdLoginRe.user_is_navigated_to_the_home_page()
]]></system-out>
  </testcase>
  <testcase name="hovers on drills link and click on that" classname="To check the if End to End Flow is working as expected for a order" time="6.097">
    <system-out><![CDATA[  When user hovers on power tools link                                        # stepdefination.SelectAProduct.user_hovers_on_power_tools_link()
]]></system-out>
  </testcase>
  <testcase name="user is navigated to drills page" classname="To check the if End to End Flow is working as expected for a order" time="0.165">
    <system-out><![CDATA[  And hovers on drills link and click on that                                 # stepdefination.SelectAProduct.hovers_on_drills_link_and_click_on_that()
]]></system-out>
  </testcase>
  <testcase name="user clicks on a product" classname="To check the if End to End Flow is working as expected for a order" time="0.001">
    <system-out><![CDATA[  Then user is navigated to drills page                                       # stepdefination.SelectAProduct.user_is_navigated_to_drills_page()
]]></system-out>
  </testcase>
  <testcase name="user is navigated to the products page" classname="To check the if End to End Flow is working as expected for a order" time="0.018">
    <failure type="org.opentest4j.AssertionFailedError"><![CDATA[org.opentest4j.AssertionFailedError: user is on wrong page ==> expected: <Buy Black+Decker HD555 - 13 mm, 550 W Hammer Drill Machine with Variable Speed Online at Best Prices in India> but was: <Power Drills: Buy Drill Machines Online at Best Price in India | ShakeDeal>
]]></failure>
    <system-out><![CDATA[  When user clicks on a product                                               # stepdefination.SelectAProduct.user_clicks_on_a_product()
]]></system-out>
  </testcase>
  <testcase name="user increases the quantity of the product" classname="To check the if End to End Flow is working as expected for a order" time="0">
    <skipped type="io.cucumber.junit.SkippedThrowable"><![CDATA[io.cucumber.junit.SkippedThrowable: This step is skipped
]]></skipped>
    <system-out><![CDATA[  Then user is navigated to the products page                                 # stepdefination.SelectAProduct.user_is_navigated_to_the_products_page()
      org.opentest4j.AssertionFailedError: user is on wrong page ==> expected: <Buy Black+Decker HD555 - 13 mm, 550 W Hammer Drill Machine with Variable Speed Online at Best Prices in India> but was: <Power Drills: Buy Drill Machines Online at Best Price in India | ShakeDeal>
	at org.junit.jupiter.api.AssertionUtils.fail(AssertionUtils.java:55)
	at org.junit.jupiter.api.AssertionUtils.failNotEqual(AssertionUtils.java:62)
	at org.junit.jupiter.api.AssertEquals.assertEquals(AssertEquals.java:182)
	at org.junit.jupiter.api.Assertions.assertEquals(Assertions.java:1152)
	at stepdefination.SelectAProduct.user_is_navigated_to_the_products_page(SelectAProduct.java:47)
	at âœ½.user is navigated to the products page(file:///C:/work/work_space/CucumberSDEndToEndFlow/src/test/resources/Feature/EndToEnd.feature:17)

]]></system-out>
  </testcase>
  <testcase name="clicks on Add to Cart button" classname="To check the if End to End Flow is working as expected for a order" time="0">
    <skipped type="io.cucumber.junit.SkippedThrowable"><![CDATA[io.cucumber.junit.SkippedThrowable: This step is skipped
]]></skipped>
    <system-out><![CDATA[  When user increases the quantity of the product                             # stepdefination.ProductsToCart.user_increases_the_quantity_of_the_product()
]]></system-out>
  </testcase>
  <testcase name="user is navigated to art page" classname="To check the if End to End Flow is working as expected for a order" time="0">
    <skipped type="io.cucumber.junit.SkippedThrowable"><![CDATA[io.cucumber.junit.SkippedThrowable: This step is skipped
]]></skipped>
    <system-out><![CDATA[  And clicks on Add to Cart button                                            # stepdefination.ProductsToCart.clicks_on_add_to_cart_button()
]]></system-out>
  </testcase>
  <testcase name="user clicks on Place Order button" classname="To check the if End to End Flow is working as expected for a order" time="0">
    <skipped type="io.cucumber.junit.SkippedThrowable"><![CDATA[io.cucumber.junit.SkippedThrowable: This step is skipped
]]></skipped>
    <system-out><![CDATA[  Then user is navigated to art page                                          # stepdefination.ProductsToCart.user_is_navigated_to_art_page()
]]></system-out>
  </testcase>
  <testcase name="user is navigated to Checkout page" classname="To check the if End to End Flow is working as expected for a order" time="0">
    <skipped type="io.cucumber.junit.SkippedThrowable"><![CDATA[io.cucumber.junit.SkippedThrowable: This step is skipped
]]></skipped>
    <system-out><![CDATA[  When user clicks on Place Order button                                      # stepdefination.ProductsToCart.user_clicks_on_place_order_button()
]]></system-out>
  </testcase>
  <testcase name="user clicks on continue button" classname="To check the if End to End Flow is working as expected for a order" time="0">
    <skipped type="io.cucumber.junit.SkippedThrowable"><![CDATA[io.cucumber.junit.SkippedThrowable: This step is skipped
]]></skipped>
    <system-out><![CDATA[  Then user is navigated to Checkout page                                     # stepdefination.ProductsToCart.user_is_navigated_to_checkout_page()
]]></system-out>
  </testcase>
  <testcase name="user selects the radio button of credit &amp; debit cards/ Net Banking/ EMI" classname="To check the if End to End Flow is working as expected for a order" time="0">
    <skipped type="io.cucumber.junit.SkippedThrowable"><![CDATA[io.cucumber.junit.SkippedThrowable: This step is skipped
]]></skipped>
    <system-out><![CDATA[  When user clicks on continue button
]]></system-out>
  </testcase>
  <testcase name="clicks on Place order button" classname="To check the if End to End Flow is working as expected for a order" time="0">
    <skipped type="io.cucumber.junit.SkippedThrowable"><![CDATA[io.cucumber.junit.SkippedThrowable: This step is skipped
]]></skipped>
    <system-out><![CDATA[  And user selects the radio button of credit & debit cards/ Net Banking/ EMI
]]></system-out>
  </testcase>
  <testcase name="user is navigated to Payment gateway page" classname="To check the if End to End Flow is working as expected for a order" time="0">
    <skipped type="io.cucumber.junit.SkippedThrowable"><![CDATA[io.cucumber.junit.SkippedThrowable: This step is skipped
]]></skipped>
    <system-out><![CDATA[  And clicks on Place order button
]]></system-out>
  </testcase>
  <testcase name="user scrolls down and clicks on netbanking option" classname="To check the if End to End Flow is working as expected for a order" time="0">
    <skipped type="io.cucumber.junit.SkippedThrowable"><![CDATA[io.cucumber.junit.SkippedThrowable: This step is skipped
]]></skipped>
    <system-out><![CDATA[  Then user is navigated to Payment gateway page
]]></system-out>
  </testcase>
  <testcase name="selects the bank option" classname="To check the if End to End Flow is working as expected for a order" time="0">
    <skipped type="io.cucumber.junit.SkippedThrowable"><![CDATA[io.cucumber.junit.SkippedThrowable: This step is skipped
]]></skipped>
    <system-out><![CDATA[  When user scrolls down and clicks on netbanking option
]]></system-out>
  </testcase>
  <testcase name="clicks on Pay button" classname="To check the if End to End Flow is working as expected for a order" time="0">
    <skipped type="io.cucumber.junit.SkippedThrowable"><![CDATA[io.cucumber.junit.SkippedThrowable: This step is skipped
]]></skipped>
    <system-out><![CDATA[  And selects the bank option
]]></system-out>
  </testcase>
  <testcase name="user is navigated to confirmation page" classname="To check the if End to End Flow is working as expected for a order" time="0">
    <skipped type="io.cucumber.junit.SkippedThrowable"><![CDATA[io.cucumber.junit.SkippedThrowable: This step is skipped
]]></skipped>
    <system-out><![CDATA[  And clicks on Pay button
]]></system-out>
  </testcase>
  <testcase name="user clicks on Success button" classname="To check the if End to End Flow is working as expected for a order" time="0">
    <skipped type="io.cucumber.junit.SkippedThrowable"><![CDATA[io.cucumber.junit.SkippedThrowable: This step is skipped
]]></skipped>
    <system-out><![CDATA[  Then user is navigated to confirmation page
]]></system-out>
  </testcase>
  <testcase name="order is placed" classname="To check the if End to End Flow is working as expected for a order" time="0">
    <skipped type="io.cucumber.junit.SkippedThrowable"><![CDATA[io.cucumber.junit.SkippedThrowable: This step is skipped
]]></skipped>
    <system-out><![CDATA[  When user clicks on Success button
]]></system-out>
  </testcase>
  <testcase name="To check the if End to End Flow is working as expected for a order" classname="Feature to test End to End Flow" time="0.003">
    <failure type="org.opentest4j.AssertionFailedError"><![CDATA[org.opentest4j.AssertionFailedError: user is on wrong page ==> expected: <Buy Black+Decker HD555 - 13 mm, 550 W Hammer Drill Machine with Variable Speed Online at Best Prices in India> but was: <Power Drills: Buy Drill Machines Online at Best Price in India | ShakeDeal>
]]></failure>
    <system-out><![CDATA[  Then order is placed
]]></system-out>
  </testcase>
  <testcase name="To check the if End to End Flow is working as expected for a order" classname="Feature to test End to End Flow" time="0.007">
    <failure type="org.opentest4j.AssertionFailedError"><![CDATA[org.opentest4j.AssertionFailedError: user is on wrong page ==> expected: <Buy Black+Decker HD555 - 13 mm, 550 W Hammer Drill Machine with Variable Speed Online at Best Prices in India> but was: <Power Drills: Buy Drill Machines Online at Best Price in India | ShakeDeal>
]]></failure>
  </testcase>
</testsuite>